-------------------------------------------------------------------------------
Test set: Runners.TestRunner
-------------------------------------------------------------------------------
Tests run: 1, Failures: 0, Errors: 1, Skipped: 0, Time elapsed: 0.01 sec <<< FAILURE!
initializationError(Runners.TestRunner)  Time elapsed: 0.001 sec  <<< ERROR!
io.cucumber.core.gherkin.FeatureParserException: Failed to parse resource at: file:///C:/Users/Pawk71/Desktop/zenity%20task/PROJET_Playwright/Automatisation-Playwright/src/test/resources/features/End2End2.feature
(62:3): expected: #TagLine, #RuleLine, #Comment, #Empty, got 'Scenario Outline : Logout (case passing success)'
(63:5): expected: #TagLine, #RuleLine, #Comment, #Empty, got 'Given I am connected to my account with "<email>" and "<password>"'
(64:5): expected: #TagLine, #RuleLine, #Comment, #Empty, got 'And I clicks to the logout button'
(65:5): expected: #TagLine, #RuleLine, #Comment, #Empty, got 'Then I'm logout'
(66:5): expected: #TagLine, #RuleLine, #Comment, #Empty, got 'Examples:'
(67:7): expected: #TagLine, #RuleLine, #Comment, #Empty, got '|          email     |     password     |'
(68:7): expected: #TagLine, #RuleLine, #Comment, #Empty, got '|  tata2@test.com    |    12236987      |'
(78:0): unexpected end of file, expected: #TagLine, #RuleLine, #Comment, #Empty
	at io.cucumber.core.gherkin.messages.GherkinMessagesFeatureParser.parse(GherkinMessagesFeatureParser.java:53)
	at io.cucumber.core.feature.FeatureParser.parseResource(FeatureParser.java:45)
	at java.util.function.BiFunction.lambda$andThen$0(BiFunction.java:70)
	at io.cucumber.core.resource.ResourceScanner.lambda$processResource$1(ResourceScanner.java:79)
	at io.cucumber.core.resource.PathScanner$ResourceFileVisitor.visitFile(PathScanner.java:75)
	at io.cucumber.core.resource.PathScanner$ResourceFileVisitor.visitFile(PathScanner.java:60)
	at java.nio.file.Files.walkFileTree(Files.java:2670)
	at io.cucumber.core.resource.PathScanner.findResourcesForPath(PathScanner.java:53)
	at io.cucumber.core.resource.PathScanner.findResourcesForUri(PathScanner.java:31)
	at io.cucumber.core.resource.ResourceScanner.findResourcesForUri(ResourceScanner.java:61)
	at io.cucumber.core.resource.ResourceScanner.scanForResourcesUri(ResourceScanner.java:134)
	at io.cucumber.core.runtime.FeaturePathFeatureSupplier.loadFeatures(FeaturePathFeatureSupplier.java:62)
	at io.cucumber.core.runtime.FeaturePathFeatureSupplier.get(FeaturePathFeatureSupplier.java:45)
	at io.cucumber.junit.Cucumber.<init>(Cucumber.java:156)
	at sun.reflect.NativeConstructorAccessorImpl.newInstance0(Native Method)
	at sun.reflect.NativeConstructorAccessorImpl.newInstance(NativeConstructorAccessorImpl.java:62)
	at sun.reflect.DelegatingConstructorAccessorImpl.newInstance(DelegatingConstructorAccessorImpl.java:45)
	at java.lang.reflect.Constructor.newInstance(Constructor.java:423)
	at org.junit.internal.builders.AnnotatedBuilder.buildRunner(AnnotatedBuilder.java:104)
	at org.junit.internal.builders.AnnotatedBuilder.runnerForClass(AnnotatedBuilder.java:86)
	at org.junit.runners.model.RunnerBuilder.safeRunnerForClass(RunnerBuilder.java:70)
	at org.junit.internal.builders.AllDefaultPossibilitiesBuilder.runnerForClass(AllDefaultPossibilitiesBuilder.java:37)
	at org.junit.runners.model.RunnerBuilder.safeRunnerForClass(RunnerBuilder.java:70)
	at org.junit.internal.requests.ClassRequest.createRunner(ClassRequest.java:28)
	at org.junit.internal.requests.MemoizingRequest.getRunner(MemoizingRequest.java:19)
	at org.apache.maven.surefire.junit4.JUnit4Provider.execute(JUnit4Provider.java:250)
	at org.apache.maven.surefire.junit4.JUnit4Provider.executeTestSet(JUnit4Provider.java:141)
	at org.apache.maven.surefire.junit4.JUnit4Provider.invoke(JUnit4Provider.java:112)
	at sun.reflect.NativeMethodAccessorImpl.invoke0(Native Method)
	at sun.reflect.NativeMethodAccessorImpl.invoke(NativeMethodAccessorImpl.java:62)
	at sun.reflect.DelegatingMethodAccessorImpl.invoke(DelegatingMethodAccessorImpl.java:43)
	at java.lang.reflect.Method.invoke(Method.java:498)
	at org.apache.maven.surefire.util.ReflectionUtils.invokeMethodWithArray(ReflectionUtils.java:189)
	at org.apache.maven.surefire.booter.ProviderFactory$ProviderProxy.invoke(ProviderFactory.java:165)
	at org.apache.maven.surefire.booter.ProviderFactory.invokeProvider(ProviderFactory.java:85)
	at org.apache.maven.surefire.booter.ForkedBooter.runSuitesInProcess(ForkedBooter.java:115)
	at org.apache.maven.surefire.booter.ForkedBooter.main(ForkedBooter.java:75)

