<?xml version="1.0" encoding="UTF-8" ?>
<testsuite tests="1" failures="0" name="modules.TestRunner" time="0.118" errors="1" skipped="0">
  <properties>
[...]
</properties>
  <testcase classname="Login" name="log01 - Login successfully" time="0.118">
    <error message="The step &apos;i open Ztrain login page&apos; and 1 other step(s) are undefined.
You can implement these steps using the snippet(s) below:

@Given(&quot;i open Ztrain login page&quot;)
public void i_open_ztrain_login_page() {
    // Write code here that turns the phrase above into concrete actions
    throw new io.cucumber.java.PendingException();
}
@Then(&quot;The user is connected&quot;)
public void the_user_is_connected() {
    // Write code here that turns the phrase above into concrete actions
    throw new io.cucumber.java.PendingException();
}
" type="io.cucumber.junit.UndefinedStepException">io.cucumber.junit.UndefinedStepException: The step &apos;i open Ztrain login page&apos; and 1 other step(s) are undefined.
You can implement these steps using the snippet(s) below:

@Given(&quot;i open Ztrain login page&quot;)
public void i_open_ztrain_login_page() {
    // Write code here that turns the phrase above into concrete actions
    throw new io.cucumber.java.PendingException();
}
@Then(&quot;The user is connected&quot;)
public void the_user_is_connected() {
    // Write code here that turns the phrase above into concrete actions
    throw new io.cucumber.java.PendingException();
}

</error>
    <system-out>
@login @log01
Scenario Outline: log01 - Login successfully                           &amp;#27;[90m# src/test/java/features/login.feature:17&amp;#27;[0m
  &amp;#27;[33mGiven &amp;#27;[0m&amp;#27;[33mi open Ztrain login page&amp;#27;[0m
  &amp;#27;[36mWhen &amp;#27;[0m&amp;#27;[36mI&apos;m in the login page&amp;#27;[0m                                           &amp;#27;[90m# step_definitions.loginStep.iMInTheLoginPage()&amp;#27;[0m
  &amp;#27;[36mAnd &amp;#27;[0m&amp;#27;[36mI enter email address &amp;#27;[0m&amp;#27;[36m&amp;#27;[1m&quot;ubogni@gmail.com&quot;&amp;#27;[0m&amp;#27;[36m and password &amp;#27;[0m&amp;#27;[36m&amp;#27;[1m&quot;Ulrich77&quot;&amp;#27;[0m &amp;#27;[90m# step_definitions.loginStep.loginIntoTheApplication(java.lang.String,java.lang.String)&amp;#27;[0m
  &amp;#27;[36mAnd &amp;#27;[0m&amp;#27;[36mI clicks to the login button&amp;#27;[0m                                     &amp;#27;[90m# step_definitions.loginStep.iClicksToTheLoginButton()&amp;#27;[0m
  &amp;#27;[36mThen &amp;#27;[0m&amp;#27;[36mThe user is connected&amp;#27;[0m
</system-out>
  </testcase>
</testsuite>