<?xml version="1.0" encoding="UTF-8" ?>
<testsuite tests="3" failures="0" name="Runners.TestRunner" time="24.458" errors="2" skipped="0">
  <properties>
[...]
</properties>
  <testcase classname="home #1" name="loginTestCase011 - Login successfully" time="10.302"/>
  <testcase classname="home #1" name="searchTestCase011-valid search" time="7.363">
    <error type="java.lang.NullPointerException">java.lang.NullPointerException
	at step_definitions.homeStep.KeywordSearchWith(homeStep.java:35)
	at ✽.I do a search with &quot;Ampoule&quot;(file:///C:/Users/Pawk71/Desktop/Automatisation-Playwright/src/test/resources/features/home.feature:30)
</error>
    <system-out>
@homeTestsCase @searchTestCase011
Scenario Outline: searchTestCase011-valid search &amp;#27;[90m# src/test/resources/features/home.feature:35&amp;#27;[0m
  &amp;#27;[32mGiven &amp;#27;[0m&amp;#27;[32mI open Ztrain login page&amp;#27;[0m                 &amp;#27;[90m# step_definitions.loginStep.iOpenZtrainLoginPage()&amp;#27;[0m
  &amp;#27;[31mWhen &amp;#27;[0m&amp;#27;[31mI do a search with &amp;#27;[0m&amp;#27;[31m&amp;#27;[1m&quot;Ampoule&quot;&amp;#27;[0m              &amp;#27;[90m# step_definitions.homeStep.KeywordSearchWith(java.lang.String)&amp;#27;[0m
      &amp;#27;[31mjava.lang.NullPointerException
	at step_definitions.homeStep.KeywordSearchWith(homeStep.java:35)
	at âœ½.I do a search with &quot;Ampoule&quot;(file:///C:/Users/Pawk71/Desktop/Automatisation-Playwright/src/test/resources/features/home.feature:30)
&amp;#27;[0m
  &amp;#27;[36mThen &amp;#27;[0m&amp;#27;[36mI see a result&amp;#27;[0m                            &amp;#27;[90m# step_definitions.homeStep.iSeeAMultipleKeywordSearchResultPage()&amp;#27;[0m
</system-out>
  </testcase>
  <testcase classname="home #1" name="logTestCase11 - Logout" time="6.793">
    <error type="java.lang.NullPointerException">java.lang.NullPointerException
	at step_definitions.homeStep.logoutapp(homeStep.java:52)
	at ✽.I clicks to the logout button(file:///C:/Users/Pawk71/Desktop/Automatisation-Playwright/src/test/resources/features/home.feature:48)
</error>
    <system-out>
@homeTestsCase @logTestCase11
Scenario: logTestCase11 - Logout    &amp;#27;[90m# src/test/resources/features/home.feature:47&amp;#27;[0m
  &amp;#27;[32mGiven &amp;#27;[0m&amp;#27;[32mI open Ztrain login page&amp;#27;[0m    &amp;#27;[90m# step_definitions.loginStep.iOpenZtrainLoginPage()&amp;#27;[0m
  &amp;#27;[31mAnd &amp;#27;[0m&amp;#27;[31mI clicks to the logout button&amp;#27;[0m &amp;#27;[90m# step_definitions.homeStep.logoutapp()&amp;#27;[0m
      &amp;#27;[31mjava.lang.NullPointerException
	at step_definitions.homeStep.logoutapp(homeStep.java:52)
	at âœ½.I clicks to the logout button(file:///C:/Users/Pawk71/Desktop/Automatisation-Playwright/src/test/resources/features/home.feature:48)
&amp;#27;[0m
  &amp;#27;[36mThen &amp;#27;[0m&amp;#27;[36mI&apos;m logout&amp;#27;[0m                   &amp;#27;[90m# step_definitions.homeStep.imlogout()&amp;#27;[0m
</system-out>
  </testcase>
</testsuite>